{"logTime": "0424/125437", "correlationVector":"f9T9wKAOSPzzw0XpnntlGG.1","action":"SyncServerConnectionManagerRequest", "result":"SYNC_SERVER_OK", "context":{"environment":"Prod_southindia_prod-s01-004-apac-southindia", "migrationStage":"NotStarted", "server":"akswtt01100002u"}}
{"logTime": "0424/125437", "correlationVector":"f9T9wKAOSPzzw0XpnntlGG.2","action":"ProcessGetUpdates", "result":"Done", "context":{"dataType":"Encryption Keys", "deleted":"0", "process_failed_to_decrypt":"0", "process_pending_decryption":"0", "process_success":"1", "total":"1"}}
{"logTime": "0424/125438", "correlationVector":"Msu85q7csI+56Sig0jxyhy","action":"SyncServerConnectionManagerRequest", "result":"SYNC_SERVER_OK", "context":{"environment":"", "migrationStage":"", "server":""}}
{"logTime": "0424/125438", "correlationVector":"Msu85q7csI+56Sig0jxyhy.0","action":"EncryptionKeysFetcher.DownloadKeys:", "result":"Success", "context":Key count: 8, Last key timestamp: 2025-02-10T14:27:36Z}
{"logTime": "0424/125438", "correlationVector":"Msu85q7csI+56Sig0jxyhy.1","action":"EncryptionKeysManager::SetEncryptionKeys:", "result":"Success", "context":Key names[8]:[ImSFV+jVCLEAJQsQxT/WUoy/DtbPsP+KiPv5r0JeWg+vZ3uk4I95n3qdM0/vC6rijO4FwX+VFgZynPAwKDhNXA==][iwQOL6sJSAkxg0MV5xmxarL+q8j4JWjDnIRUNxXyEeGXVFV3EJQTLoFViuM5TX6JZL/y+lYuTyMb1KwAio76sg==][JDHrqaix1nDlru9ElDx4qEVLN5fjviOKkhK6rOQpL355LUagWdiB1Sk+0tSph0GQNktJlNbHjUUHitCqmfrNkA==][GWkmVf8LTx5mFAESCZass2ZpMuaYFppqYD/jIGtqXjrIHbMAP5YEFXKY4IUoVyxXxWNJlmzVrHJenN6ZkbZt1w==][B/h6KYysLnMlxYy01Y/bOxaGPPU8N6bsAKvOXbqoNEdKb7sqyNgWu91vY5pMCsGwQKiUKpXKy4xxb/f5JHDaFA==][J0si8ynT/yvqbZtrrfjmzSKN7xcW7nigGFZCU24bMZookA90DiNSb9AsaIcD2d8KdEfkz2xsDbVti1E6S10Vrw==][ayxQ+tXoj+QgFS5AustxzHSewjctMbNsD0w0pQLAgzJryRkQmNYaSvm9lTZ+W4FqJ5G6rzL4sS4N7dqTlRUWJg==][5FiPYtPN585p0PcN5tM6eQJsKtaPn73q6bNaSm75u8/QaNEo6C9KrEAeDg39+eDxU8S2du4IasjI0gj0UzOOMw==]}
{"logTime": "0424/125438", "correlationVector":"Msu85q7csI+56Sig0jxyhy.2","action":"EncryptionKeysManager::SetEncryptionKeysWithTimestamps:", "result":"Success", "context":Key timestamps[8]:[2021-05-20T07:03:10Z][2021-11-17T05:27:02Z][2022-05-19T15:48:43Z][2022-11-29T03:49:39Z][2023-05-31T21:55:04Z][2024-03-09T16:49:36Z][2024-08-14T12:46:33Z][2025-02-10T14:27:36Z]}
{"logTime": "0424/125438", "correlationVector":"f9T9wKAOSPzzw0XpnntlGG","action":"Initial GetUpdates", "result":"", "context":Reason: NEW_CLIENT. cV=f9T9wKAOSPzzw0XpnntlGG}
{"logTime": "0424/125438", "correlationVector":"f9T9wKAOSPzzw0XpnntlGG.3","action":"GetUpdates Response", "result":"Success", "context":Received 1 update(s). cV=f9T9wKAOSPzzw0XpnntlGG.0;server=akswtt01100002u;cloudType=Consumer;environment=Prod_southindia_prod-s01-004-apac-southindia;migrationStage=NotStarted}
{"logTime": "0424/125438", "correlationVector":"WpUIgCLDgWPx0g6leBIa2/","action":"Initial GetUpdates", "result":"", "context":Reason: NEWLY_SUPPORTED_DATATYPE. cV=WpUIgCLDgWPx0g6leBIa2/}
{"logTime": "0424/125439", "correlationVector":"WpUIgCLDgWPx0g6leBIa2/.1","action":"SyncServerConnectionManagerRequest", "result":"SYNC_SERVER_OK", "context":{"environment":"Prod_southindia_prod-s01-004-apac-southindia", "migrationStage":"NotStarted", "server":"akswtt01100004q"}}
{"logTime": "0424/125439", "correlationVector":"WpUIgCLDgWPx0g6leBIa2/.2","action":"ProcessGetUpdates", "result":"Done", "context":{"dataType":"Preferences", "deleted":"0", "process_failed_to_decrypt":"0", "process_pending_decryption":"0", "process_success":"94", "total":"94"}}
{"logTime": "0424/125439", "correlationVector":"WpUIgCLDgWPx0g6leBIa2/.3","action":"ProcessGetUpdates", "result":"Done", "context":{"dataType":"Passwords", "deleted":"0", "process_failed_to_decrypt":"0", "process_pending_decryption":"0", "process_success":"82", "total":"82"}}
{"logTime": "0424/125439", "correlationVector":"WpUIgCLDgWPx0g6leBIa2/.4","action":"ProcessGetUpdates", "result":"Done", "context":{"dataType":"Device Info", "deleted":"0", "process_failed_to_decrypt":"0", "process_pending_decryption":"0", "process_success":"4", "total":"4"}}
{"logTime": "0424/125439", "correlationVector":"WpUIgCLDgWPx0g6leBIa2/.5","action":"GetUpdates Response", "result":"Success", "context":Received 180 update(s). cV=WpUIgCLDgWPx0g6leBIa2/.0;server=akswtt01100004q;cloudType=Consumer;environment=Prod_southindia_prod-s01-004-apac-southindia;migrationStage=NotStarted}
{"logTime": "0424/125439", "correlationVector":"5GNkV2ZhIH/zYO5I5fk00u","action":"Initial GetUpdates", "result":"", "context":Reason: NEWLY_SUPPORTED_DATATYPE. cV=5GNkV2ZhIH/zYO5I5fk00u}
{"logTime": "0424/125440", "correlationVector":"5GNkV2ZhIH/zYO5I5fk00u.1","action":"SyncServerConnectionManagerRequest", "result":"SYNC_SERVER_OK", "context":{"environment":"Prod_southindia_prod-s01-004-apac-southindia", "migrationStage":"NotStarted", "server":"akswtt01100002v"}}
{"logTime": "0424/125440", "correlationVector":"5GNkV2ZhIH/zYO5I5fk00u.2","action":"ProcessGetUpdates", "result":"Done", "context":{"dataType":"Bookmarks", "deleted":"0", "process_failed_to_decrypt":"0", "process_pending_decryption":"0", "process_success":"72", "total":"72"}}
{"logTime": "0424/125440", "correlationVector":"5GNkV2ZhIH/zYO5I5fk00u.3","action":"GetUpdates Response", "result":"Success", "context":Received 72 update(s). cV=5GNkV2ZhIH/zYO5I5fk00u.0;server=akswtt01100002v;cloudType=Consumer;environment=Prod_southindia_prod-s01-004-apac-southindia;migrationStage=NotStarted}
{"logTime": "0424/125440", "correlationVector":"KJI57v4bDZgIGb6vN7VAOS","action":"Initial GetUpdates", "result":"", "context":Reason: NEWLY_SUPPORTED_DATATYPE. cV=KJI57v4bDZgIGb6vN7VAOS}
{"logTime": "0424/125441", "correlationVector":"KJI57v4bDZgIGb6vN7VAOS.1","action":"SyncServerConnectionManagerRequest", "result":"SYNC_SERVER_OK", "context":{"environment":"Prod_southindia_prod-s01-004-apac-southindia", "migrationStage":"NotStarted", "server":"akswtt011000028"}}
{"logTime": "0424/125441", "correlationVector":"KJI57v4bDZgIGb6vN7VAOS.2","action":"ProcessGetUpdates", "result":"Done", "context":{"dataType":"Autofill", "deleted":"0", "process_failed_to_decrypt":"0", "process_pending_decryption":"0", "process_success":"42", "total":"42"}}
{"logTime": "0424/125441", "correlationVector":"KJI57v4bDZgIGb6vN7VAOS.3","action":"ProcessGetUpdates", "result":"Done", "context":{"dataType":"Sessions", "deleted":"208", "process_failed_to_decrypt":"0", "process_pending_decryption":"0", "process_success":"208", "total":"208"}}
{"logTime": "0424/125441", "correlationVector":"KJI57v4bDZgIGb6vN7VAOS.4","action":"GetUpdates Response", "result":"Success", "context":Received 250 update(s). cV=KJI57v4bDZgIGb6vN7VAOS.0;server=akswtt011000028;cloudType=Consumer;environment=Prod_southindia_prod-s01-004-apac-southindia;migrationStage=NotStarted Some updates remain.}
{"logTime": "0424/125441", "correlationVector":"urZWWZvlQa9hj8DShrvjak","action":"Initial GetUpdates", "result":"", "context":Reason: NEWLY_SUPPORTED_DATATYPE. cV=urZWWZvlQa9hj8DShrvjak}
{"logTime": "0424/125442", "correlationVector":"urZWWZvlQa9hj8DShrvjak.1","action":"SyncServerConnectionManagerRequest", "result":"SYNC_SERVER_OK", "context":{"environment":"Prod_southindia_prod-s01-004-apac-southindia", "migrationStage":"NotStarted", "server":"akswtt01100002l"}}
{"logTime": "0424/125442", "correlationVector":"urZWWZvlQa9hj8DShrvjak.2","action":"ProcessGetUpdates", "result":"Done", "context":{"dataType":"Sessions", "deleted":"250", "process_failed_to_decrypt":"0", "process_pending_decryption":"0", "process_success":"250", "total":"250"}}
{"logTime": "0424/125442", "correlationVector":"urZWWZvlQa9hj8DShrvjak.3","action":"GetUpdates Response", "result":"Success", "context":Received 250 update(s). cV=urZWWZvlQa9hj8DShrvjak.0;server=akswtt01100002l;cloudType=Consumer;environment=Prod_southindia_prod-s01-004-apac-southindia;migrationStage=NotStarted Some updates remain.}
{"logTime": "0424/125442", "correlationVector":"etBW7NtGkhGR9tMQkph/gR","action":"Initial GetUpdates", "result":"", "context":Reason: NEWLY_SUPPORTED_DATATYPE. cV=etBW7NtGkhGR9tMQkph/gR}
{"logTime": "0424/125443", "correlationVector":"etBW7NtGkhGR9tMQkph/gR.1","action":"SyncServerConnectionManagerRequest", "result":"SYNC_SERVER_OK", "context":{"environment":"Prod_southindia_prod-s01-004-apac-southindia", "migrationStage":"NotStarted", "server":"akswtt011000024"}}
{"logTime": "0424/125443", "correlationVector":"etBW7NtGkhGR9tMQkph/gR.2","action":"ProcessGetUpdates", "result":"Done", "context":{"dataType":"Sessions", "deleted":"250", "process_failed_to_decrypt":"0", "process_pending_decryption":"0", "process_success":"250", "total":"250"}}
{"logTime": "0424/125443", "correlationVector":"etBW7NtGkhGR9tMQkph/gR.3","action":"GetUpdates Response", "result":"Success", "context":Received 250 update(s). cV=etBW7NtGkhGR9tMQkph/gR.0;server=akswtt011000024;cloudType=Consumer;environment=Prod_southindia_prod-s01-004-apac-southindia;migrationStage=NotStarted Some updates remain.}
{"logTime": "0424/125443", "correlationVector":"xuEmJbe3/DFpLgVchQ8clH","action":"Initial GetUpdates", "result":"", "context":Reason: NEWLY_SUPPORTED_DATATYPE. cV=xuEmJbe3/DFpLgVchQ8clH}
{"logTime": "0424/125444", "correlationVector":"xuEmJbe3/DFpLgVchQ8clH.1","action":"SyncServerConnectionManagerRequest", "result":"SYNC_SERVER_OK", "context":{"environment":"Prod_southindia_prod-s01-004-apac-southindia", "migrationStage":"NotStarted", "server":"akswtt011000021"}}
{"logTime": "0424/125444", "correlationVector":"xuEmJbe3/DFpLgVchQ8clH.2","action":"ProcessGetUpdates", "result":"Done", "context":{"dataType":"Sessions", "deleted":"250", "process_failed_to_decrypt":"0", "process_pending_decryption":"0", "process_success":"250", "total":"250"}}
{"logTime": "0424/125444", "correlationVector":"xuEmJbe3/DFpLgVchQ8clH.3","action":"GetUpdates Response", "result":"Success", "context":Received 250 update(s). cV=xuEmJbe3/DFpLgVchQ8clH.0;server=akswtt011000021;cloudType=Consumer;environment=Prod_southindia_prod-s01-004-apac-southindia;migrationStage=NotStarted Some updates remain.}
{"logTime": "0424/125444", "correlationVector":"ldpeOhMi1q7/UjKFytAykS","action":"Initial GetUpdates", "result":"", "context":Reason: NEWLY_SUPPORTED_DATATYPE. cV=ldpeOhMi1q7/UjKFytAykS}
{"logTime": "0424/125445", "correlationVector":"ldpeOhMi1q7/UjKFytAykS.1","action":"SyncServerConnectionManagerRequest", "result":"SYNC_SERVER_OK", "context":{"environment":"Prod_southindia_prod-s01-004-apac-southindia", "migrationStage":"NotStarted", "server":"akswtt011000018"}}
{"logTime": "0424/125445", "correlationVector":"ldpeOhMi1q7/UjKFytAykS.2","action":"ProcessGetUpdates", "result":"Done", "context":{"dataType":"Sessions", "deleted":"250", "process_failed_to_decrypt":"0", "process_pending_decryption":"0", "process_success":"250", "total":"250"}}
{"logTime": "0424/125445", "correlationVector":"ldpeOhMi1q7/UjKFytAykS.3","action":"GetUpdates Response", "result":"Success", "context":Received 250 update(s). cV=ldpeOhMi1q7/UjKFytAykS.0;server=akswtt011000018;cloudType=Consumer;environment=Prod_southindia_prod-s01-004-apac-southindia;migrationStage=NotStarted Some updates remain.}
{"logTime": "0424/125445", "correlationVector":"3oD2BwJx+AFW2Tu42yrj5m","action":"Initial GetUpdates", "result":"", "context":Reason: NEWLY_SUPPORTED_DATATYPE. cV=3oD2BwJx+AFW2Tu42yrj5m}
{"logTime": "0424/125446", "correlationVector":"3oD2BwJx+AFW2Tu42yrj5m.1","action":"SyncServerConnectionManagerRequest", "result":"SYNC_SERVER_OK", "context":{"environment":"Prod_southindia_prod-s01-004-apac-southindia", "migrationStage":"NotStarted", "server":"akswtt01100000u"}}
{"logTime": "0424/125446", "correlationVector":"3oD2BwJx+AFW2Tu42yrj5m.2","action":"ProcessGetUpdates", "result":"Done", "context":{"dataType":"Sessions", "deleted":"250", "process_failed_to_decrypt":"0", "process_pending_decryption":"0", "process_success":"250", "total":"250"}}
{"logTime": "0424/125446", "correlationVector":"3oD2BwJx+AFW2Tu42yrj5m.3","action":"GetUpdates Response", "result":"Success", "context":Received 250 update(s). cV=3oD2BwJx+AFW2Tu42yrj5m.0;server=akswtt01100000u;cloudType=Consumer;environment=Prod_southindia_prod-s01-004-apac-southindia;migrationStage=NotStarted Some updates remain.}
{"logTime": "0424/125446", "correlationVector":"8+g7vBzwvvIadBNpKO4mZ1","action":"Initial GetUpdates", "result":"", "context":Reason: NEWLY_SUPPORTED_DATATYPE. cV=8+g7vBzwvvIadBNpKO4mZ1}
{"logTime": "0424/125447", "correlationVector":"8+g7vBzwvvIadBNpKO4mZ1.1","action":"SyncServerConnectionManagerRequest", "result":"SYNC_SERVER_OK", "context":{"environment":"Prod_southindia_prod-s01-004-apac-southindia", "migrationStage":"NotStarted", "server":"akswtt01100000u"}}
{"logTime": "0424/125447", "correlationVector":"8+g7vBzwvvIadBNpKO4mZ1.2","action":"ProcessGetUpdates", "result":"Done", "context":{"dataType":"Sessions", "deleted":"250", "process_failed_to_decrypt":"0", "process_pending_decryption":"0", "process_success":"250", "total":"250"}}
{"logTime": "0424/125447", "correlationVector":"8+g7vBzwvvIadBNpKO4mZ1.3","action":"GetUpdates Response", "result":"Success", "context":Received 250 update(s). cV=8+g7vBzwvvIadBNpKO4mZ1.0;server=akswtt01100000u;cloudType=Consumer;environment=Prod_southindia_prod-s01-004-apac-southindia;migrationStage=NotStarted Some updates remain.}
{"logTime": "0424/125447", "correlationVector":"R+l2XrKQeRq6/iUyCaFMKi","action":"Initial GetUpdates", "result":"", "context":Reason: NEWLY_SUPPORTED_DATATYPE. cV=R+l2XrKQeRq6/iUyCaFMKi}
{"logTime": "0424/125448", "correlationVector":"R+l2XrKQeRq6/iUyCaFMKi.1","action":"SyncServerConnectionManagerRequest", "result":"SYNC_SERVER_OK", "context":{"environment":"Prod_southindia_prod-s01-004-apac-southindia", "migrationStage":"NotStarted", "server":"akswtt01100001a"}}
{"logTime": "0424/125448", "correlationVector":"R+l2XrKQeRq6/iUyCaFMKi.2","action":"ProcessGetUpdates", "result":"Done", "context":{"dataType":"Sessions", "deleted":"249", "process_failed_to_decrypt":"0", "process_pending_decryption":"0", "process_success":"249", "total":"249"}}
{"logTime": "0424/125448", "correlationVector":"R+l2XrKQeRq6/iUyCaFMKi.3","action":"ProcessGetUpdates", "result":"Done", "context":{"dataType":"Edge Hub App Usage", "deleted":"0", "process_failed_to_decrypt":"0", "process_pending_decryption":"0", "process_success":"1", "total":"1"}}
{"logTime": "0424/125448", "correlationVector":"R+l2XrKQeRq6/iUyCaFMKi.4","action":"GetUpdates Response", "result":"Success", "context":Received 250 update(s). cV=R+l2XrKQeRq6/iUyCaFMKi.0;server=akswtt01100001a;cloudType=Consumer;environment=Prod_southindia_prod-s01-004-apac-southindia;migrationStage=NotStarted Some updates remain.}
{"logTime": "0424/125448", "correlationVector":"dCB5dUvLPSsa6X1EouWoiM","action":"Initial GetUpdates", "result":"", "context":Reason: NEWLY_SUPPORTED_DATATYPE. cV=dCB5dUvLPSsa6X1EouWoiM}
{"logTime": "0424/125449", "correlationVector":"dCB5dUvLPSsa6X1EouWoiM.1","action":"SyncServerConnectionManagerRequest", "result":"SYNC_SERVER_OK", "context":{"environment":"Prod_southindia_prod-s01-004-apac-southindia", "migrationStage":"NotStarted", "server":"akswtt01100001a"}}
{"logTime": "0424/125449", "correlationVector":"dCB5dUvLPSsa6X1EouWoiM.2","action":"ProcessGetUpdates", "result":"Done", "context":{"dataType":"Sessions", "deleted":"250", "process_failed_to_decrypt":"0", "process_pending_decryption":"0", "process_success":"250", "total":"250"}}
{"logTime": "0424/125449", "correlationVector":"dCB5dUvLPSsa6X1EouWoiM.3","action":"GetUpdates Response", "result":"Success", "context":Received 250 update(s). cV=dCB5dUvLPSsa6X1EouWoiM.0;server=akswtt01100001a;cloudType=Consumer;environment=Prod_southindia_prod-s01-004-apac-southindia;migrationStage=NotStarted Some updates remain.}
{"logTime": "0424/125449", "correlationVector":"gIzc2+qJEGC2TfugguoUCh","action":"Initial GetUpdates", "result":"", "context":Reason: NEWLY_SUPPORTED_DATATYPE. cV=gIzc2+qJEGC2TfugguoUCh}
{"logTime": "0424/125450", "correlationVector":"gIzc2+qJEGC2TfugguoUCh.1","action":"SyncServerConnectionManagerRequest", "result":"SYNC_SERVER_OK", "context":{"environment":"Prod_southindia_prod-s01-004-apac-southindia", "migrationStage":"NotStarted", "server":"akswtt01100002t"}}
{"logTime": "0424/125450", "correlationVector":"gIzc2+qJEGC2TfugguoUCh.2","action":"ProcessGetUpdates", "result":"Done", "context":{"dataType":"Sessions", "deleted":"250", "process_failed_to_decrypt":"0", "process_pending_decryption":"0", "process_success":"250", "total":"250"}}
{"logTime": "0424/125450", "correlationVector":"gIzc2+qJEGC2TfugguoUCh.3","action":"GetUpdates Response", "result":"Success", "context":Received 250 update(s). cV=gIzc2+qJEGC2TfugguoUCh.0;server=akswtt01100002t;cloudType=Consumer;environment=Prod_southindia_prod-s01-004-apac-southindia;migrationStage=NotStarted Some updates remain.}
{"logTime": "0424/125450", "correlationVector":"1HS7jrsXKuOjPyno2Er+9t","action":"Initial GetUpdates", "result":"", "context":Reason: NEWLY_SUPPORTED_DATATYPE. cV=1HS7jrsXKuOjPyno2Er+9t}
{"logTime": "0424/125451", "correlationVector":"1HS7jrsXKuOjPyno2Er+9t.1","action":"SyncServerConnectionManagerRequest", "result":"SYNC_SERVER_OK", "context":{"environment":"Prod_southindia_prod-s01-004-apac-southindia", "migrationStage":"NotStarted", "server":"akswtt01100002c"}}
{"logTime": "0424/125451", "correlationVector":"1HS7jrsXKuOjPyno2Er+9t.2","action":"ProcessGetUpdates", "result":"Done", "context":{"dataType":"Sessions", "deleted":"250", "process_failed_to_decrypt":"0", "process_pending_decryption":"0", "process_success":"250", "total":"250"}}
{"logTime": "0424/125451", "correlationVector":"1HS7jrsXKuOjPyno2Er+9t.3","action":"GetUpdates Response", "result":"Success", "context":Received 250 update(s). cV=1HS7jrsXKuOjPyno2Er+9t.0;server=akswtt01100002c;cloudType=Consumer;environment=Prod_southindia_prod-s01-004-apac-southindia;migrationStage=NotStarted Some updates remain.}
{"logTime": "0424/125451", "correlationVector":"kT+yq9sLm91bXAfk7+0nY7","action":"Initial GetUpdates", "result":"", "context":Reason: NEWLY_SUPPORTED_DATATYPE. cV=kT+yq9sLm91bXAfk7+0nY7}
{"logTime": "0424/125452", "correlationVector":"kT+yq9sLm91bXAfk7+0nY7.1","action":"SyncServerConnectionManagerRequest", "result":"SYNC_SERVER_OK", "context":{"environment":"Prod_southindia_prod-s01-004-apac-southindia", "migrationStage":"NotStarted", "server":"akswtt01100004p"}}
{"logTime": "0424/125452", "correlationVector":"kT+yq9sLm91bXAfk7+0nY7.2","action":"ProcessGetUpdates", "result":"Done", "context":{"dataType":"Sessions", "deleted":"250", "process_failed_to_decrypt":"0", "process_pending_decryption":"0", "process_success":"250", "total":"250"}}
{"logTime": "0424/125452", "correlationVector":"kT+yq9sLm91bXAfk7+0nY7.3","action":"GetUpdates Response", "result":"Success", "context":Received 250 update(s). cV=kT+yq9sLm91bXAfk7+0nY7.0;server=akswtt01100004p;cloudType=Consumer;environment=Prod_southindia_prod-s01-004-apac-southindia;migrationStage=NotStarted Some updates remain.}
{"logTime": "0424/125452", "correlationVector":"uBYeLBrQ9kkG3v9zM5BGg9","action":"Initial GetUpdates", "result":"", "context":Reason: NEWLY_SUPPORTED_DATATYPE. cV=uBYeLBrQ9kkG3v9zM5BGg9}
{"logTime": "0424/125453", "correlationVector":"uBYeLBrQ9kkG3v9zM5BGg9.1","action":"SyncServerConnectionManagerRequest", "result":"SYNC_SERVER_OK", "context":{"environment":"Prod_southindia_prod-s01-004-apac-southindia", "migrationStage":"NotStarted", "server":"akswtt01100003k"}}
{"logTime": "0424/125453", "correlationVector":"uBYeLBrQ9kkG3v9zM5BGg9.2","action":"ProcessGetUpdates", "result":"Done", "context":{"dataType":"Autofill Profiles", "deleted":"0", "process_failed_to_decrypt":"0", "process_pending_decryption":"0", "process_success":"3", "total":"3"}}
{"logTime": "0424/125453", "correlationVector":"uBYeLBrQ9kkG3v9zM5BGg9.3","action":"ProcessGetUpdates", "result":"Done", "context":{"dataType":"Autofill", "deleted":"0", "process_failed_to_decrypt":"0", "process_pending_decryption":"0", "process_success":"21", "total":"21"}}
{"logTime": "0424/125453", "correlationVector":"uBYeLBrQ9kkG3v9zM5BGg9.4","action":"ProcessGetUpdates", "result":"Done", "context":{"dataType":"Sessions", "deleted":"226", "process_failed_to_decrypt":"0", "process_pending_decryption":"0", "process_success":"226", "total":"226"}}
{"logTime": "0424/125453", "correlationVector":"uBYeLBrQ9kkG3v9zM5BGg9.5","action":"GetUpdates Response", "result":"Success", "context":Received 250 update(s). cV=uBYeLBrQ9kkG3v9zM5BGg9.0;server=akswtt01100003k;cloudType=Consumer;environment=Prod_southindia_prod-s01-004-apac-southindia;migrationStage=NotStarted Some updates remain.}
{"logTime": "0424/125453", "correlationVector":"d8/CHFI6bHB3WFhWn8lqoU","action":"Initial GetUpdates", "result":"", "context":Reason: NEWLY_SUPPORTED_DATATYPE. cV=d8/CHFI6bHB3WFhWn8lqoU}
{"logTime": "0424/125454", "correlationVector":"d8/CHFI6bHB3WFhWn8lqoU.1","action":"SyncServerConnectionManagerRequest", "result":"SYNC_SERVER_OK", "context":{"environment":"Prod_southindia_prod-s01-004-apac-southindia", "migrationStage":"NotStarted", "server":"akswtt01100004y"}}
{"logTime": "0424/125454", "correlationVector":"d8/CHFI6bHB3WFhWn8lqoU.2","action":"ProcessGetUpdates", "result":"Done", "context":{"dataType":"Sessions", "deleted":"249", "process_failed_to_decrypt":"0", "process_pending_decryption":"0", "process_success":"249", "total":"249"}}
{"logTime": "0424/125454", "correlationVector":"d8/CHFI6bHB3WFhWn8lqoU.3","action":"ProcessGetUpdates", "result":"Done", "context":{"dataType":"Edge Hub App Usage", "deleted":"1", "process_failed_to_decrypt":"0", "process_pending_decryption":"0", "process_success":"1", "total":"1"}}
{"logTime": "0424/125454", "correlationVector":"d8/CHFI6bHB3WFhWn8lqoU.4","action":"GetUpdates Response", "result":"Success", "context":Received 250 update(s). cV=d8/CHFI6bHB3WFhWn8lqoU.0;server=akswtt01100004y;cloudType=Consumer;environment=Prod_southindia_prod-s01-004-apac-southindia;migrationStage=NotStarted Some updates remain.}
{"logTime": "0424/125454", "correlationVector":"1Ja6ao5SlSCP/WiEMR+bN9","action":"Initial GetUpdates", "result":"", "context":Reason: NEWLY_SUPPORTED_DATATYPE. cV=1Ja6ao5SlSCP/WiEMR+bN9}
{"logTime": "0424/125455", "correlationVector":"1Ja6ao5SlSCP/WiEMR+bN9.1","action":"SyncServerConnectionManagerRequest", "result":"SYNC_SERVER_OK", "context":{"environment":"Prod_southindia_prod-s01-004-apac-southindia", "migrationStage":"NotStarted", "server":"akswtt01100000u"}}
{"logTime": "0424/125455", "correlationVector":"1Ja6ao5SlSCP/WiEMR+bN9.2","action":"ProcessGetUpdates", "result":"Done", "context":{"dataType":"Sessions", "deleted":"250", "process_failed_to_decrypt":"0", "process_pending_decryption":"0", "process_success":"250", "total":"250"}}
{"logTime": "0424/125455", "correlationVector":"1Ja6ao5SlSCP/WiEMR+bN9.3","action":"GetUpdates Response", "result":"Success", "context":Received 250 update(s). cV=1Ja6ao5SlSCP/WiEMR+bN9.0;server=akswtt01100000u;cloudType=Consumer;environment=Prod_southindia_prod-s01-004-apac-southindia;migrationStage=NotStarted Some updates remain.}
{"logTime": "0424/125455", "correlationVector":"reVVZYAYdyn7kjYxiY0Tvt","action":"Initial GetUpdates", "result":"", "context":Reason: NEWLY_SUPPORTED_DATATYPE. cV=reVVZYAYdyn7kjYxiY0Tvt}
{"logTime": "0424/125456", "correlationVector":"reVVZYAYdyn7kjYxiY0Tvt.1","action":"SyncServerConnectionManagerRequest", "result":"SYNC_SERVER_OK", "context":{"environment":"Prod_southindia_prod-s01-004-apac-southindia", "migrationStage":"NotStarted", "server":"akswtt01100003r"}}
{"logTime": "0424/125456", "correlationVector":"reVVZYAYdyn7kjYxiY0Tvt.2","action":"ProcessGetUpdates", "result":"Done", "context":{"dataType":"Sessions", "deleted":"250", "process_failed_to_decrypt":"0", "process_pending_decryption":"0", "process_success":"250", "total":"250"}}
{"logTime": "0424/125456", "correlationVector":"reVVZYAYdyn7kjYxiY0Tvt.3","action":"GetUpdates Response", "result":"Success", "context":Received 250 update(s). cV=reVVZYAYdyn7kjYxiY0Tvt.0;server=akswtt01100003r;cloudType=Consumer;environment=Prod_southindia_prod-s01-004-apac-southindia;migrationStage=NotStarted Some updates remain.}
{"logTime": "0424/125456", "correlationVector":"C68qEFZx/VXfTPqQiQwb2j","action":"Initial GetUpdates", "result":"", "context":Reason: NEWLY_SUPPORTED_DATATYPE. cV=C68qEFZx/VXfTPqQiQwb2j}
{"logTime": "0424/125457", "correlationVector":"C68qEFZx/VXfTPqQiQwb2j.1","action":"SyncServerConnectionManagerRequest", "result":"SYNC_SERVER_OK", "context":{"environment":"Prod_southindia_prod-s01-004-apac-southindia", "migrationStage":"NotStarted", "server":"akswtt011000016"}}
{"logTime": "0424/125457", "correlationVector":"C68qEFZx/VXfTPqQiQwb2j.2","action":"ProcessGetUpdates", "result":"Done", "context":{"dataType":"Sessions", "deleted":"250", "process_failed_to_decrypt":"0", "process_pending_decryption":"0", "process_success":"250", "total":"250"}}
{"logTime": "0424/125457", "correlationVector":"C68qEFZx/VXfTPqQiQwb2j.3","action":"GetUpdates Response", "result":"Success", "context":Received 250 update(s). cV=C68qEFZx/VXfTPqQiQwb2j.0;server=akswtt011000016;cloudType=Consumer;environment=Prod_southindia_prod-s01-004-apac-southindia;migrationStage=NotStarted Some updates remain.}
{"logTime": "0424/125457", "correlationVector":"WTg3NbGnUG+adK+ICYTe8O","action":"Initial GetUpdates", "result":"", "context":Reason: NEWLY_SUPPORTED_DATATYPE. cV=WTg3NbGnUG+adK+ICYTe8O}
{"logTime": "0424/125458", "correlationVector":"WTg3NbGnUG+adK+ICYTe8O.1","action":"SyncServerConnectionManagerRequest", "result":"SYNC_SERVER_OK", "context":{"environment":"Prod_southindia_prod-s01-004-apac-southindia", "migrationStage":"NotStarted", "server":"akswtt011000037"}}
{"logTime": "0424/125458", "correlationVector":"WTg3NbGnUG+adK+ICYTe8O.2","action":"ProcessGetUpdates", "result":"Done", "context":{"dataType":"Sessions", "deleted":"250", "process_failed_to_decrypt":"0", "process_pending_decryption":"0", "process_success":"250", "total":"250"}}
{"logTime": "0424/125458", "correlationVector":"WTg3NbGnUG+adK+ICYTe8O.3","action":"GetUpdates Response", "result":"Success", "context":Received 250 update(s). cV=WTg3NbGnUG+adK+ICYTe8O.0;server=akswtt011000037;cloudType=Consumer;environment=Prod_southindia_prod-s01-004-apac-southindia;migrationStage=NotStarted Some updates remain.}
{"logTime": "0424/125458", "correlationVector":"1WOOVQsTNco4cNkTa5SWrX","action":"Initial GetUpdates", "result":"", "context":Reason: NEWLY_SUPPORTED_DATATYPE. cV=1WOOVQsTNco4cNkTa5SWrX}
{"logTime": "0424/125458", "correlationVector":"1WOOVQsTNco4cNkTa5SWrX.1","action":"SyncServerConnectionManagerRequest", "result":"SYNC_SERVER_OK", "context":{"environment":"Prod_southindia_prod-s01-004-apac-southindia", "migrationStage":"NotStarted", "server":"akswtt01100002t"}}
{"logTime": "0424/125458", "correlationVector":"1WOOVQsTNco4cNkTa5SWrX.2","action":"ProcessGetUpdates", "result":"Done", "context":{"dataType":"Autofill Profiles", "deleted":"0", "process_failed_to_decrypt":"0", "process_pending_decryption":"0", "process_success":"1", "total":"1"}}
{"logTime": "0424/125458", "correlationVector":"1WOOVQsTNco4cNkTa5SWrX.3","action":"ProcessGetUpdates", "result":"Done", "context":{"dataType":"Autofill", "deleted":"0", "process_failed_to_decrypt":"0", "process_pending_decryption":"0", "process_success":"6", "total":"6"}}
{"logTime": "0424/125458", "correlationVector":"1WOOVQsTNco4cNkTa5SWrX.4","action":"ProcessGetUpdates", "result":"Done", "context":{"dataType":"Sessions", "deleted":"240", "process_failed_to_decrypt":"0", "process_pending_decryption":"0", "process_success":"240", "total":"240"}}
{"logTime": "0424/125458", "correlationVector":"1WOOVQsTNco4cNkTa5SWrX.5","action":"ProcessGetUpdates", "result":"Done", "context":{"dataType":"Edge Hub App Usage", "deleted":"2", "process_failed_to_decrypt":"0", "process_pending_decryption":"0", "process_success":"3", "total":"3"}}
{"logTime": "0424/125458", "correlationVector":"1WOOVQsTNco4cNkTa5SWrX.6","action":"GetUpdates Response", "result":"Success", "context":Received 250 update(s). cV=1WOOVQsTNco4cNkTa5SWrX.0;server=akswtt01100002t;cloudType=Consumer;environment=Prod_southindia_prod-s01-004-apac-southindia;migrationStage=NotStarted Some updates remain.}
{"logTime": "0424/125458", "correlationVector":"nDA9R8+gl0vtet2VaEKt4H","action":"Initial GetUpdates", "result":"", "context":Reason: NEWLY_SUPPORTED_DATATYPE. cV=nDA9R8+gl0vtet2VaEKt4H}
{"logTime": "0424/125459", "correlationVector":"nDA9R8+gl0vtet2VaEKt4H.1","action":"SyncServerConnectionManagerRequest", "result":"SYNC_SERVER_OK", "context":{"environment":"Prod_southindia_prod-s01-004-apac-southindia", "migrationStage":"NotStarted", "server":"akswtt01100002v"}}
{"logTime": "0424/125459", "correlationVector":"nDA9R8+gl0vtet2VaEKt4H.2","action":"ProcessGetUpdates", "result":"Done", "context":{"dataType":"Autofill Profiles", "deleted":"0", "process_failed_to_decrypt":"0", "process_pending_decryption":"0", "process_success":"1", "total":"1"}}
{"logTime": "0424/125459", "correlationVector":"nDA9R8+gl0vtet2VaEKt4H.3","action":"ProcessGetUpdates", "result":"Done", "context":{"dataType":"Autofill", "deleted":"0", "process_failed_to_decrypt":"0", "process_pending_decryption":"0", "process_success":"1", "total":"1"}}
{"logTime": "0424/125459", "correlationVector":"nDA9R8+gl0vtet2VaEKt4H.4","action":"ProcessGetUpdates", "result":"Done", "context":{"dataType":"Extensions", "deleted":"0", "process_failed_to_decrypt":"0", "process_pending_decryption":"0", "process_success":"3", "total":"3"}}
{"logTime": "0424/125459", "correlationVector":"nDA9R8+gl0vtet2VaEKt4H.5","action":"ProcessGetUpdates", "result":"Done", "context":{"dataType":"Sessions", "deleted":"29", "process_failed_to_decrypt":"0", "process_pending_decryption":"0", "process_success":"34", "total":"34"}}
{"logTime": "0424/125459", "correlationVector":"nDA9R8+gl0vtet2VaEKt4H.6","action":"GetUpdates Response", "result":"Success", "context":Received 39 update(s). cV=nDA9R8+gl0vtet2VaEKt4H.0;server=akswtt01100002v;cloudType=Consumer;environment=Prod_southindia_prod-s01-004-apac-southindia;migrationStage=NotStarted}
{"logTime": "0424/125459", "correlationVector":"IoooYetskbfTSjDja9QK6Y","action":"Initial GetUpdates", "result":"", "context":Reason: NEWLY_SUPPORTED_DATATYPE. cV=IoooYetskbfTSjDja9QK6Y}
{"logTime": "0424/125500", "correlationVector":"IoooYetskbfTSjDja9QK6Y.1","action":"SyncServerConnectionManagerRequest", "result":"SYNC_SERVER_OK", "context":{"environment":"Prod_southindia_prod-s01-004-apac-southindia", "migrationStage":"NotStarted", "server":"akswtt01100004q"}}
{"logTime": "0424/125500", "correlationVector":"IoooYetskbfTSjDja9QK6Y.2","action":"ProcessGetUpdates", "result":"Done", "context":{"dataType":"History", "deleted":"0", "process_failed_to_decrypt":"0", "process_pending_decryption":"0", "process_success":"250", "total":"250"}}
{"logTime": "0424/125500", "correlationVector":"IoooYetskbfTSjDja9QK6Y.3","action":"GetUpdates Response", "result":"Success", "context":Received 250 update(s). cV=IoooYetskbfTSjDja9QK6Y.0;server=akswtt01100004q;cloudType=Consumer;environment=Prod_southindia_prod-s01-004-apac-southindia;migrationStage=NotStarted Some updates remain.}
{"logTime": "0424/125500", "correlationVector":"MNvsbPdTO8QcZdKdiBbmjy","action":"Initial GetUpdates", "result":"", "context":Reason: NEWLY_SUPPORTED_DATATYPE. cV=MNvsbPdTO8QcZdKdiBbmjy}
{"logTime": "0424/125501", "correlationVector":"MNvsbPdTO8QcZdKdiBbmjy.1","action":"SyncServerConnectionManagerRequest", "result":"SYNC_SERVER_OK", "context":{"environment":"Prod_southindia_prod-s01-004-apac-southindia", "migrationStage":"NotStarted", "server":"akswtt01100004q"}}
{"logTime": "0424/125501", "correlationVector":"MNvsbPdTO8QcZdKdiBbmjy.2","action":"ProcessGetUpdates", "result":"Done", "context":{"dataType":"History", "deleted":"0", "process_failed_to_decrypt":"0", "process_pending_decryption":"0", "process_success":"250", "total":"250"}}
{"logTime": "0424/125501", "correlationVector":"MNvsbPdTO8QcZdKdiBbmjy.3","action":"GetUpdates Response", "result":"Success", "context":Received 250 update(s). cV=MNvsbPdTO8QcZdKdiBbmjy.0;server=akswtt01100004q;cloudType=Consumer;environment=Prod_southindia_prod-s01-004-apac-southindia;migrationStage=NotStarted Some updates remain.}
{"logTime": "0424/125501", "correlationVector":"O68l/AR1gWwzrDknn76u0N","action":"Initial GetUpdates", "result":"", "context":Reason: NEWLY_SUPPORTED_DATATYPE. cV=O68l/AR1gWwzrDknn76u0N}
{"logTime": "0424/125502", "correlationVector":"O68l/AR1gWwzrDknn76u0N.1","action":"SyncServerConnectionManagerRequest", "result":"SYNC_SERVER_OK", "context":{"environment":"Prod_southindia_prod-s01-004-apac-southindia", "migrationStage":"NotStarted", "server":"akswtt01100000n"}}
{"logTime": "0424/125502", "correlationVector":"O68l/AR1gWwzrDknn76u0N.2","action":"ProcessGetUpdates", "result":"Done", "context":{"dataType":"History", "deleted":"0", "process_failed_to_decrypt":"0", "process_pending_decryption":"0", "process_success":"250", "total":"250"}}
{"logTime": "0424/125502", "correlationVector":"O68l/AR1gWwzrDknn76u0N.3","action":"GetUpdates Response", "result":"Success", "context":Received 250 update(s). cV=O68l/AR1gWwzrDknn76u0N.0;server=akswtt01100000n;cloudType=Consumer;environment=Prod_southindia_prod-s01-004-apac-southindia;migrationStage=NotStarted Some updates remain.}
{"logTime": "0424/125502", "correlationVector":"HpDtiHSh/0tnA6KEQMYiux","action":"Initial GetUpdates", "result":"", "context":Reason: NEWLY_SUPPORTED_DATATYPE. cV=HpDtiHSh/0tnA6KEQMYiux}
{"logTime": "0424/125502", "correlationVector":"HpDtiHSh/0tnA6KEQMYiux.1","action":"SyncServerConnectionManagerRequest", "result":"SYNC_SERVER_OK", "context":{"environment":"Prod_southindia_prod-s01-004-apac-southindia", "migrationStage":"NotStarted", "server":"akswtt01100002x"}}
{"logTime": "0424/125502", "correlationVector":"HpDtiHSh/0tnA6KEQMYiux.2","action":"ProcessGetUpdates", "result":"Done", "context":{"dataType":"History", "deleted":"0", "process_failed_to_decrypt":"0", "process_pending_decryption":"0", "process_success":"66", "total":"66"}}
{"logTime": "0424/125502", "correlationVector":"HpDtiHSh/0tnA6KEQMYiux.3","action":"GetUpdates Response", "result":"Success", "context":Received 66 update(s). cV=HpDtiHSh/0tnA6KEQMYiux.0;server=akswtt01100002x;cloudType=Consumer;environment=Prod_southindia_prod-s01-004-apac-southindia;migrationStage=NotStarted}
{"logTime": "0424/125502", "correlationVector":"vXY+ASBzWQ1tLVn8NeRTVc","action":"Normal GetUpdate request", "result":"", "context":cV=vXY+ASBzWQ1tLVn8NeRTVc
Nudged types: Bookmarks, Preferences, Sessions, Device Info, User Consents
Refresh requested types: Bookmarks, Preferences, Passwords, Autofill Profiles, Autofill, Extensions, Sessions, Extension settings, History Delete Directives, Device Info, User Consents, Send Tab To Self, Web Apps, History, Saved Tab Group, Collection, Edge E Drop, Edge Hub App Usage, Edge Tab Group, Edge Wallet, Encryption Keys}
{"logTime": "0424/125502", "correlationVector":"vXY+ASBzWQ1tLVn8NeRTVc.1","action":"SyncServerConnectionManagerRequest", "result":"SYNC_SERVER_OK", "context":{"environment":"Prod_southindia_prod-s01-004-apac-southindia", "migrationStage":"NotStarted", "server":"akswtt011000032"}}
{"logTime": "0424/125502", "correlationVector":"vXY+ASBzWQ1tLVn8NeRTVc.2","action":"GetUpdates Response", "result":"Success", "context":Received 0 update(s). cV=vXY+ASBzWQ1tLVn8NeRTVc.0;server=akswtt011000032;cloudType=Consumer;environment=Prod_southindia_prod-s01-004-apac-southindia;migrationStage=NotStarted}
{"logTime": "0424/125548", "correlationVector":"pyHcZqNZn7kRq38vHi5m2E.1","action":"SyncServerConnectionManagerRequest", "result":"SYNC_SERVER_OK", "context":{"environment":"Prod_southeastasia_prod-s01-064-apac-southeastasia", "migrationStage":"NotStarted", "server":"akswtt00600007i"}}
{"logTime": "0424/125548", "correlationVector":"pyHcZqNZn7kRq38vHi5m2E.2","action":"ProcessGetUpdates", "result":"Done", "context":{"dataType":"Encryption Keys", "deleted":"0", "process_failed_to_decrypt":"0", "process_pending_decryption":"0", "process_success":"1", "total":"1"}}
{"logTime": "0424/125549", "correlationVector":"9ndWFLRGPwokLfxxH3aEW6","action":"SyncServerConnectionManagerRequest", "result":"SYNC_SERVER_OK", "context":{"environment":"", "migrationStage":"", "server":""}}
{"logTime": "0424/125549", "correlationVector":"9ndWFLRGPwokLfxxH3aEW6.0","action":"EncryptionKeysFetcher.DownloadKeys:", "result":"Success", "context":Key count: 8, Last key timestamp: 2025-02-10T14:27:36Z}
{"logTime": "0424/125549", "correlationVector":"9ndWFLRGPwokLfxxH3aEW6.1","action":"EncryptionKeysManager::SetEncryptionKeys:", "result":"Success", "context":Key names[8]:[ImSFV+jVCLEAJQsQxT/WUoy/DtbPsP+KiPv5r0JeWg+vZ3uk4I95n3qdM0/vC6rijO4FwX+VFgZynPAwKDhNXA==][iwQOL6sJSAkxg0MV5xmxarL+q8j4JWjDnIRUNxXyEeGXVFV3EJQTLoFViuM5TX6JZL/y+lYuTyMb1KwAio76sg==][JDHrqaix1nDlru9ElDx4qEVLN5fjviOKkhK6rOQpL355LUagWdiB1Sk+0tSph0GQNktJlNbHjUUHitCqmfrNkA==][GWkmVf8LTx5mFAESCZass2ZpMuaYFppqYD/jIGtqXjrIHbMAP5YEFXKY4IUoVyxXxWNJlmzVrHJenN6ZkbZt1w==][B/h6KYysLnMlxYy01Y/bOxaGPPU8N6bsAKvOXbqoNEdKb7sqyNgWu91vY5pMCsGwQKiUKpXKy4xxb/f5JHDaFA==][J0si8ynT/yvqbZtrrfjmzSKN7xcW7nigGFZCU24bMZookA90DiNSb9AsaIcD2d8KdEfkz2xsDbVti1E6S10Vrw==][ayxQ+tXoj+QgFS5AustxzHSewjctMbNsD0w0pQLAgzJryRkQmNYaSvm9lTZ+W4FqJ5G6rzL4sS4N7dqTlRUWJg==][5FiPYtPN585p0PcN5tM6eQJsKtaPn73q6bNaSm75u8/QaNEo6C9KrEAeDg39+eDxU8S2du4IasjI0gj0UzOOMw==]}
{"logTime": "0424/125549", "correlationVector":"9ndWFLRGPwokLfxxH3aEW6.2","action":"EncryptionKeysManager::SetEncryptionKeysWithTimestamps:", "result":"Success", "context":Key timestamps[8]:[2021-05-20T07:03:10Z][2021-11-17T05:27:02Z][2022-05-19T15:48:43Z][2022-11-29T03:49:39Z][2023-05-31T21:55:04Z][2024-03-09T16:49:36Z][2024-08-14T12:46:33Z][2025-02-10T14:27:36Z]}
{"logTime": "0424/125549", "correlationVector":"pyHcZqNZn7kRq38vHi5m2E","action":"Initial GetUpdates", "result":"", "context":Reason: NEW_CLIENT. cV=pyHcZqNZn7kRq38vHi5m2E}
{"logTime": "0424/125549", "correlationVector":"pyHcZqNZn7kRq38vHi5m2E.3","action":"GetUpdates Response", "result":"Success", "context":Received 1 update(s). cV=pyHcZqNZn7kRq38vHi5m2E.0;server=akswtt00600007i;cloudType=Consumer;environment=Prod_southeastasia_prod-s01-064-apac-southeastasia;migrationStage=NotStarted}
{"logTime": "0424/125549", "correlationVector":"k9J1W6D5r35KcVSIRRIB62","action":"Initial GetUpdates", "result":"", "context":Reason: NEWLY_SUPPORTED_DATATYPE. cV=k9J1W6D5r35KcVSIRRIB62}
{"logTime": "0424/125550", "correlationVector":"k9J1W6D5r35KcVSIRRIB62.1","action":"SyncServerConnectionManagerRequest", "result":"SYNC_SERVER_OK", "context":{"environment":"Prod_southeastasia_prod-s01-065-apac-southeastasia", "migrationStage":"NotStarted", "server":"akswtt00600008c"}}
{"logTime": "0424/125550", "correlationVector":"k9J1W6D5r35KcVSIRRIB62.2","action":"ProcessGetUpdates", "result":"Done", "context":{"dataType":"Passwords", "deleted":"0", "process_failed_to_decrypt":"0", "process_pending_decryption":"0", "process_success":"82", "total":"82"}}
{"logTime": "0424/125550", "correlationVector":"k9J1W6D5r35KcVSIRRIB62.3","action":"GetUpdates Response", "result":"Success", "context":Received 82 update(s). cV=k9J1W6D5r35KcVSIRRIB62.0;server=akswtt00600008c;cloudType=Consumer;environment=Prod_southeastasia_prod-s01-065-apac-southeastasia;migrationStage=NotStarted}
{"logTime": "0424/125550", "correlationVector":"i92ZxIRtK61kCEebDrWVpc","action":"Normal GetUpdate request", "result":"", "context":cV=i92ZxIRtK61kCEebDrWVpc
Nudged types: Bookmarks, Preferences, Sessions, Device Info, User Consents, History
Refresh requested types: Bookmarks, Preferences, Passwords, Autofill Profiles, Autofill, Extensions, Sessions, Extension settings, History Delete Directives, Device Info, User Consents, Send Tab To Self, Web Apps, History, Saved Tab Group, Collection, Edge E Drop, Edge Hub App Usage, Edge Tab Group, Edge Wallet, Encryption Keys}
{"logTime": "0424/125550", "correlationVector":"i92ZxIRtK61kCEebDrWVpc.1","action":"SyncServerConnectionManagerRequest", "result":"SYNC_SERVER_OK", "context":{"environment":"Prod_southeastasia_prod-s01-065-apac-southeastasia", "migrationStage":"NotStarted", "server":"akswtt00600005l"}}
{"logTime": "0424/125550", "correlationVector":"i92ZxIRtK61kCEebDrWVpc.2","action":"GetUpdates Response", "result":"Success", "context":Received 0 update(s). cV=i92ZxIRtK61kCEebDrWVpc.0;server=akswtt00600005l;cloudType=Consumer;environment=Prod_southeastasia_prod-s01-065-apac-southeastasia;migrationStage=NotStarted}
{"logTime": "0424/125551", "correlationVector":"7TnII2FTjgqOKO0WxgBit+","action":"Commit Request", "result":"", "context":Item count: 14
Contributing types: Bookmarks, Preferences, Autofill Profiles, Sessions, Device Info, User Consents, History}
{"logTime": "0424/125553", "correlationVector":"7TnII2FTjgqOKO0WxgBit+.1","action":"SyncServerConnectionManagerRequest", "result":"SYNC_SERVER_OK", "context":{"environment":"Prod_southeastasia_prod-s01-065-apac-southeastasia", "migrationStage":"NotStarted", "server":"akswtt00600006b"}}
{"logTime": "0424/125553", "correlationVector":"7TnII2FTjgqOKO0WxgBit+.2","action":"Commit Response", "result":"Success", "context":Result: Success. cV=7TnII2FTjgqOKO0WxgBit+.0;server=akswtt00600006b;cloudType=Consumer;environment=Prod_southeastasia_prod-s01-065-apac-southeastasia;migrationStage=NotStarted}
{"logTime": "0424/125553", "correlationVector":"7TnII2FTjgqOKO0WxgBit+.3","action":"Commit.Autofill Profiles", "result":"Success", "context":{"id":"4f9c94fd-7b8c-4786-8323-60d9e4d2ccac", "isDeleted":"true", "size":"0", "version":"1739197660750"}}
{"logTime": "0424/125554", "correlationVector":"3g+MrzQxlq5EZMlQ9X199I","action":"Commit Request", "result":"", "context":Item count: 9
Contributing types: Bookmarks, Sessions}
{"logTime": "0424/125554", "correlationVector":"3g+MrzQxlq5EZMlQ9X199I.1","action":"SyncServerConnectionManagerRequest", "result":"SYNC_SERVER_OK", "context":{"environment":"Prod_southeastasia_prod-s01-065-apac-southeastasia", "migrationStage":"NotStarted", "server":"akswtt006000019"}}
{"logTime": "0424/125554", "correlationVector":"3g+MrzQxlq5EZMlQ9X199I.2","action":"Commit Response", "result":"Success", "context":Result: Success. cV=3g+MrzQxlq5EZMlQ9X199I.0;server=akswtt006000019;cloudType=Consumer;environment=Prod_southeastasia_prod-s01-065-apac-southeastasia;migrationStage=NotStarted}
{"logTime": "0424/125558", "correlationVector":"0pMVurDh+s0k8TK1t476Vn","action":"Commit Request", "result":"", "context":Item count: 1
Contributing types: Preferences}
{"logTime": "0424/125559", "correlationVector":"0pMVurDh+s0k8TK1t476Vn.1","action":"SyncServerConnectionManagerRequest", "result":"SYNC_SERVER_OK", "context":{"environment":"Prod_southeastasia_prod-s01-065-apac-southeastasia", "migrationStage":"NotStarted", "server":"akswtt00600007q"}}
{"logTime": "0424/125559", "correlationVector":"0pMVurDh+s0k8TK1t476Vn.2","action":"Commit Response", "result":"Success", "context":Result: Success. cV=0pMVurDh+s0k8TK1t476Vn.0;server=akswtt00600007q;cloudType=Consumer;environment=Prod_southeastasia_prod-s01-065-apac-southeastasia;migrationStage=NotStarted}
