2025-04-24 12:54:33.527: [INFO][Sync] Reset engine, reason: 8
2025-04-24 12:54:33.528: [INFO][Sync] Stopped: Bookmarks
2025-04-24 12:54:33.528: [INFO][Sync] Stopped: Preferences
2025-04-24 12:54:33.528: [INFO][Sync] Stopped: Passwords
2025-04-24 12:54:33.528: [INFO][Sync] Stopped: Autofill Profiles
2025-04-24 12:54:33.528: [INFO][Sync] Stopped: Autofill
2025-04-24 12:54:33.528: [INFO][Sync] Stopped: Extensions
2025-04-24 12:54:33.528: [INFO][Sync] Stopped: Sessions
2025-04-24 12:54:33.528: [INFO][Sync] Stopped: Extension settings
2025-04-24 12:54:33.528: [INFO][Sync] Stopped: History Delete Directives
2025-04-24 12:54:33.528: [INFO][Sync] Stopped: Device Info
2025-04-24 12:54:33.528: [INFO][Sync] Stopped: User Consents
2025-04-24 12:54:33.528: [INFO][Sync] Stopped: Send Tab To Self
2025-04-24 12:54:33.528: [INFO][Sync] Stopped: Web Apps
2025-04-24 12:54:33.528: [INFO][Sync] Stopped: History
2025-04-24 12:54:33.529: [INFO][Sync] Stopped: Saved Tab Group
2025-04-24 12:54:33.529: [INFO][Sync] Stopped: Collection
2025-04-24 12:54:33.529: [INFO][Sync] Stopped: Edge E Drop
2025-04-24 12:54:33.529: [INFO][Sync] Stopped: Edge Hub App Usage
2025-04-24 12:54:33.529: [INFO][Sync] Stopped: Edge Tab Group
2025-04-24 12:54:33.529: [INFO][Sync] Stopped: Edge Wallet
2025-04-24 12:54:33.529: [INFO][Sync] SyncState after authenticated was: NotSignedIn
2025-04-24 12:54:34.215: [INFO][Sync] Reset engine, reason: 8
2025-04-24 12:54:34.215: [INFO][Sync] Stopped: Bookmarks
2025-04-24 12:54:34.215: [INFO][Sync] Stopped: Preferences
2025-04-24 12:54:34.215: [INFO][Sync] Stopped: Passwords
2025-04-24 12:54:34.215: [INFO][Sync] Stopped: Autofill Profiles
2025-04-24 12:54:34.215: [INFO][Sync] Stopped: Autofill
2025-04-24 12:54:34.215: [INFO][Sync] Stopped: Extensions
2025-04-24 12:54:34.215: [INFO][Sync] Stopped: Sessions
2025-04-24 12:54:34.215: [INFO][Sync] Stopped: Extension settings
2025-04-24 12:54:34.215: [INFO][Sync] Stopped: History Delete Directives
2025-04-24 12:54:34.215: [INFO][Sync] Stopped: Device Info
2025-04-24 12:54:34.215: [INFO][Sync] Stopped: User Consents
2025-04-24 12:54:34.215: [INFO][Sync] Stopped: Send Tab To Self
2025-04-24 12:54:34.215: [INFO][Sync] Stopped: Web Apps
2025-04-24 12:54:34.215: [INFO][Sync] Stopped: History
2025-04-24 12:54:34.215: [INFO][Sync] Stopped: Saved Tab Group
2025-04-24 12:54:34.215: [INFO][Sync] Stopped: Collection
2025-04-24 12:54:34.215: [INFO][Sync] Stopped: Edge E Drop
2025-04-24 12:54:34.215: [INFO][Sync] Stopped: Edge Hub App Usage
2025-04-24 12:54:34.215: [INFO][Sync] Stopped: Edge Tab Group
2025-04-24 12:54:34.215: [INFO][Sync] Stopped: Edge Wallet
2025-04-24 12:54:34.502: [INFO][Sync] Try to start sync engine
2025-04-24 12:54:34.508: [INFO][SyncManagerImpl::NudgeForInitialDownload] Initial download nudge for Encryption Keys
2025-04-24 12:54:34.508: [INFO][SyncEngineBackend::LoadAndConnectNigoriController] Load and connect Nigori controller
2025-04-24 12:54:34.508: [INFO][SyncEngineBackend::DoInitialize] Control Types added: Encryption Keys
2025-04-24 12:54:34.508: [INFO][SyncManagerImpl::ConfigureSyncer] Types to download: Encryption Keys with reason: 3
2025-04-24 12:54:34.508: [INFO][SyncSchedulerImpl::DoConfigurationSyncCycleJob] Configure job was blocked
2025-04-24 12:54:36.531: [INFO][SyncAuthManager::SetLastAuthError] Current auth error: None
2025-04-24 12:54:36.531: [INFO][SyncAuthManager::EdgeLogTokenErrorState] Token error with: None for account type: MSA
2025-04-24 12:54:36.531: [INFO][Sync] Credentials changed for: EdgeSyncKeyDataScope
2025-04-24 12:54:36.531: [INFO][SyncEngineBackend::DoUpdateKeyDataCredentials] Update key data credentials
2025-04-24 12:54:36.774: [INFO][SyncAuthManager::SetLastAuthError] Current auth error: None
2025-04-24 12:54:36.774: [INFO][SyncAuthManager::EdgeLogTokenErrorState] Token error with: None for account type: MSA
2025-04-24 12:54:36.774: [INFO][Sync] Credentials changed for: EdgeSyncScopeNew
2025-04-24 12:54:36.774: [INFO][SyncEngineBackend::DoUpdateCredentials] Update credentials
2025-04-24 12:54:36.774: [INFO][SyncEngineBackend::DoUpdateKeyDataCredentials] Update key data credentials
2025-04-24 12:54:36.774: [INFO][SyncSchedulerImpl::DoConfigurationSyncCycleJob] Blocked types:  and types to download: Encryption Keys
2025-04-24 12:54:37.910: [INFO][Sync] Started DataTypeManager configuration, reason: 4
2025-04-24 12:54:37.910: [INFO][Sync] Configuring for: Bookmarks, Preferences, Passwords, Autofill Profiles, Autofill, Extensions, Sessions, Extension settings, History Delete Directives, Device Info, User Consents, Send Tab To Self, Web Apps, History, Saved Tab Group, Collection, Edge E Drop, Edge Hub App Usage, Edge Tab Group, Edge Wallet, Encryption Keys, reason: 3, current state: 0
2025-04-24 12:54:37.910: [WARN][Sync] Crypto error data types: Passwords, Autofill Profiles, Autofill
2025-04-24 12:54:37.913: [INFO][Sync] Configure, desired: Bookmarks, Preferences, Extensions, Sessions, Extension settings, History Delete Directives, Device Info, User Consents, Send Tab To Self, Web Apps, History, Saved Tab Group, Collection, Edge E Drop, Edge Hub App Usage, Edge Tab Group, Edge Wallet, Encryption Keys; Allow fail: Passwords, Autofill Profiles, Autofill
2025-04-24 12:54:37.913: [INFO][Sync] Loading: Bookmarks
2025-04-24 12:54:37.913: [INFO][Sync] Loading: Preferences
2025-04-24 12:54:37.913: [INFO][Sync] Loading: Extensions
2025-04-24 12:54:37.913: [INFO][Sync] Loading: Sessions
2025-04-24 12:54:37.913: [INFO][Sync] Loading: Extension settings
2025-04-24 12:54:37.913: [INFO][Sync] Loading: History Delete Directives
2025-04-24 12:54:37.915: [INFO][Sync] Loading: Device Info
2025-04-24 12:54:37.916: [INFO][Sync] Loading: User Consents
2025-04-24 12:54:37.916: [INFO][Sync] Loading: Send Tab To Self
2025-04-24 12:54:37.916: [INFO][Sync] Loading: Web Apps
2025-04-24 12:54:37.916: [INFO][Sync] Loading: History
2025-04-24 12:54:37.916: [INFO][Sync] Loading: Saved Tab Group
2025-04-24 12:54:37.916: [INFO][Sync] Loading: Collection
2025-04-24 12:54:37.916: [INFO][Sync] Loading: Edge E Drop
2025-04-24 12:54:37.916: [INFO][Sync] Loading: Edge Hub App Usage
2025-04-24 12:54:37.916: [INFO][Sync] Loading: Edge Tab Group
2025-04-24 12:54:37.916: [INFO][Sync] Loading: Edge Wallet
2025-04-24 12:54:37.925: [INFO][Sync] All data types are ready for configure.
2025-04-24 12:54:38.821: [INFO][Sync] Started DataTypeManager configuration, reason: 5
2025-04-24 12:54:38.821: [INFO][Sync] Configuring for: Bookmarks, Preferences, Passwords, Autofill Profiles, Autofill, Extensions, Sessions, Extension settings, History Delete Directives, Device Info, User Consents, Send Tab To Self, Web Apps, History, Saved Tab Group, Collection, Edge E Drop, Edge Hub App Usage, Edge Tab Group, Edge Wallet, Encryption Keys, reason: 5, current state: 1
2025-04-24 12:54:38.833: [INFO][SyncEngineBackend::DoStartConfiguration] Start configuration
2025-04-24 12:54:38.836: [INFO][SyncManagerImpl::NudgeForInitialDownload] Initial download nudge for Bookmarks
2025-04-24 12:54:38.836: [INFO][SyncManagerImpl::NudgeForInitialDownload] Initial download nudge for Preferences
2025-04-24 12:54:38.836: [INFO][SyncManagerImpl::NudgeForInitialDownload] Initial download nudge for Extensions
2025-04-24 12:54:38.836: [INFO][SyncManagerImpl::NudgeForInitialDownload] Initial download nudge for Sessions
2025-04-24 12:54:38.836: [INFO][SyncManagerImpl::NudgeForInitialDownload] Initial download nudge for Extension settings
2025-04-24 12:54:38.836: [INFO][SyncManagerImpl::NudgeForInitialDownload] Initial download nudge for History Delete Directives
2025-04-24 12:54:38.836: [INFO][SyncManagerImpl::NudgeForInitialDownload] Initial download nudge for Device Info
2025-04-24 12:54:38.836: [INFO][SyncManagerImpl::NudgeForInitialDownload] Initial download nudge for Send Tab To Self
2025-04-24 12:54:38.836: [INFO][SyncManagerImpl::NudgeForInitialDownload] Initial download nudge for Web Apps
2025-04-24 12:54:38.836: [INFO][SyncManagerImpl::NudgeForInitialDownload] Initial download nudge for History
2025-04-24 12:54:38.836: [INFO][SyncManagerImpl::NudgeForInitialDownload] Initial download nudge for Saved Tab Group
2025-04-24 12:54:38.836: [INFO][SyncManagerImpl::NudgeForInitialDownload] Initial download nudge for Collection
2025-04-24 12:54:38.836: [INFO][SyncManagerImpl::NudgeForInitialDownload] Initial download nudge for Edge E Drop
2025-04-24 12:54:38.836: [INFO][SyncManagerImpl::NudgeForInitialDownload] Initial download nudge for Edge Hub App Usage
2025-04-24 12:54:38.836: [INFO][SyncManagerImpl::NudgeForInitialDownload] Initial download nudge for Edge Tab Group
2025-04-24 12:54:38.836: [INFO][SyncManagerImpl::NudgeForInitialDownload] Initial download nudge for Edge Wallet
2025-04-24 12:54:38.836: [INFO][SyncManagerImpl::ConfigureSyncer] Types to download:  with reason: 3
2025-04-24 12:54:38.836: [INFO][SyncEngineBackend::DoFinishConfigureDataTypes] Failed to download types:  and succeeded types: 
2025-04-24 12:54:38.836: [INFO][Sync] ConfigurationDone, failed: , succeeded: , remaining count: 4
2025-04-24 12:54:38.836: [WARN][Sync]     Reconfigure requested while configuration ongoing.
2025-04-24 12:54:38.836: [INFO][Sync] Configuring for: Bookmarks, Preferences, Passwords, Autofill Profiles, Autofill, Extensions, Sessions, Extension settings, History Delete Directives, Device Info, User Consents, Send Tab To Self, Web Apps, History, Saved Tab Group, Collection, Edge E Drop, Edge Hub App Usage, Edge Tab Group, Edge Wallet, Encryption Keys, reason: 5, current state: 2
2025-04-24 12:54:38.836: [INFO][Sync] Configure, desired: Bookmarks, Preferences, Passwords, Autofill Profiles, Autofill, Extensions, Sessions, Extension settings, History Delete Directives, Device Info, User Consents, Send Tab To Self, Web Apps, History, Saved Tab Group, Collection, Edge E Drop, Edge Hub App Usage, Edge Tab Group, Edge Wallet, Encryption Keys; Allow fail: 
2025-04-24 12:54:38.837: [INFO][Sync] Loading: Passwords
2025-04-24 12:54:38.837: [INFO][Sync] Loading: Autofill Profiles
2025-04-24 12:54:38.837: [INFO][Sync] Loading: Autofill
2025-04-24 12:54:38.837: [INFO][Sync] All data types are ready for configure.
2025-04-24 12:54:38.837: [INFO][SyncManagerImpl::NudgeForInitialDownload] Initial download nudge for Passwords
2025-04-24 12:54:38.837: [INFO][SyncManagerImpl::NudgeForInitialDownload] Initial download nudge for Autofill Profiles
2025-04-24 12:54:38.837: [INFO][SyncManagerImpl::NudgeForInitialDownload] Initial download nudge for Autofill
2025-04-24 12:54:38.837: [INFO][SyncManagerImpl::ConfigureSyncer] Types to download:  with reason: 5
2025-04-24 12:54:38.837: [INFO][SyncEngineBackend::DoFinishConfigureDataTypes] Failed to download types:  and succeeded types: 
2025-04-24 12:54:38.837: [INFO][Sync] ConfigurationDone, failed: , succeeded: , remaining count: 4
2025-04-24 12:54:38.837: [INFO][Sync] Prepare to configure types: Preferences, Passwords, Device Info, Send Tab To Self, Edge E Drop, Encryption Keys
2025-04-24 12:54:38.838: [INFO][SyncManagerImpl::ConfigureSyncer] Types to download: Preferences, Passwords, Device Info, Send Tab To Self, Edge E Drop, Encryption Keys with reason: 5
2025-04-24 12:54:38.838: [INFO][SyncSchedulerImpl::DoConfigurationSyncCycleJob] Blocked types:  and types to download: Preferences, Passwords, Device Info, Send Tab To Self, Edge E Drop, Encryption Keys
2025-04-24 12:54:39.949: [INFO][SyncEngineBackend::DoFinishConfigureDataTypes] Failed to download types:  and succeeded types: Preferences, Passwords, Device Info, Send Tab To Self, Edge E Drop, Encryption Keys
2025-04-24 12:54:39.958: [INFO][Sync] ConfigurationDone, failed: , succeeded: Preferences, Passwords, Device Info, Send Tab To Self, Edge E Drop, Encryption Keys, remaining count: 3
2025-04-24 12:54:39.958: [INFO][Sync] Prepare to configure types: Bookmarks, Encryption Keys
2025-04-24 12:54:39.958: [INFO][SyncManagerImpl::ConfigureSyncer] Types to download: Bookmarks, Encryption Keys with reason: 5
2025-04-24 12:54:39.958: [INFO][SyncSchedulerImpl::DoConfigurationSyncCycleJob] Blocked types:  and types to download: Bookmarks, Encryption Keys
2025-04-24 12:54:40.554: [INFO][SyncEngineBackend::DoFinishConfigureDataTypes] Failed to download types:  and succeeded types: Bookmarks, Encryption Keys
2025-04-24 12:54:40.636: [INFO][Sync] ConfigurationDone, failed: , succeeded: Bookmarks, Encryption Keys, remaining count: 2
2025-04-24 12:54:40.637: [INFO][Sync] Prepare to configure types: Autofill Profiles, Autofill, Extensions, Sessions, Extension settings, History Delete Directives, Web Apps, Saved Tab Group, Collection, Edge Hub App Usage, Edge Tab Group, Edge Wallet, Encryption Keys
2025-04-24 12:54:40.637: [INFO][SyncManagerImpl::ConfigureSyncer] Types to download: Autofill Profiles, Autofill, Extensions, Sessions, Extension settings, History Delete Directives, Web Apps, Saved Tab Group, Collection, Edge Hub App Usage, Edge Tab Group, Edge Wallet, Encryption Keys with reason: 5
2025-04-24 12:54:40.637: [INFO][SyncSchedulerImpl::DoConfigurationSyncCycleJob] Blocked types:  and types to download: Autofill Profiles, Autofill, Extensions, Sessions, Extension settings, History Delete Directives, Web Apps, Saved Tab Group, Collection, Edge Hub App Usage, Edge Tab Group, Edge Wallet, Encryption Keys
2025-04-24 12:54:59.059: [INFO][SyncEngineBackend::DoFinishConfigureDataTypes] Failed to download types:  and succeeded types: Autofill Profiles, Autofill, Extensions, Sessions, Extension settings, History Delete Directives, Web Apps, Saved Tab Group, Collection, Edge Hub App Usage, Edge Tab Group, Edge Wallet, Encryption Keys
2025-04-24 12:54:59.062: [INFO][Sync] ConfigurationDone, failed: , succeeded: Autofill Profiles, Autofill, Extensions, Sessions, Extension settings, History Delete Directives, Web Apps, Saved Tab Group, Collection, Edge Hub App Usage, Edge Tab Group, Edge Wallet, Encryption Keys, remaining count: 1
2025-04-24 12:54:59.062: [INFO][Sync] Prepare to configure types: History, Encryption Keys
2025-04-24 12:54:59.062: [INFO][SyncManagerImpl::ConfigureSyncer] Types to download: History, Encryption Keys with reason: 5
2025-04-24 12:54:59.062: [INFO][SyncSchedulerImpl::DoConfigurationSyncCycleJob] Blocked types:  and types to download: History, Encryption Keys
2025-04-24 12:55:02.498: [INFO][SyncEngineBackend::DoFinishConfigureDataTypes] Failed to download types:  and succeeded types: History, Encryption Keys
2025-04-24 12:55:02.499: [INFO][Sync] ConfigurationDone, failed: , succeeded: History, Encryption Keys, remaining count: 0
2025-04-24 12:55:02.500: [INFO][Sync]     Configuration completed, state: 7
2025-04-24 12:55:02.500: [INFO][Sync] Configured DataTypeManager: Ok
2025-04-24 12:55:02.501: [INFO][SyncEngineBackend::DoStartSyncing] Start syncing
2025-04-24 12:55:03.047: [INFO][Sync] Reset engine, reason: 0
2025-04-24 12:55:03.047: [INFO][Sync] Reset engine with reason: 0
2025-04-24 12:55:03.048: [INFO][SyncSchedulerImpl::OnSyncNetworkError] Syncer error: Network error (ERR_IO_PENDING)
2025-04-24 12:55:03.050: [INFO][Commit::ReportFullCommitFailure] Commit Bookmarks, Preferences, Sessions, Device Info, User Consents failed with error: NetworkError
2025-04-24 12:55:03.050: [INFO][SyncSchedulerImpl::DoNudgeSyncCycleJob] Syncer error: Network error (ERR_IO_PENDING)
2025-04-24 12:55:45.734: [INFO][Sync] SyncState after authenticated was: FeatureCanStart
2025-04-24 12:55:46.249: [INFO][Sync] Try to start sync engine
2025-04-24 12:55:46.251: [INFO][SyncManagerImpl::NudgeForInitialDownload] Initial download nudge for Encryption Keys
2025-04-24 12:55:46.251: [INFO][SyncEngineBackend::LoadAndConnectNigoriController] Load and connect Nigori controller
2025-04-24 12:55:46.251: [INFO][SyncEngineBackend::DoInitialize] Control Types added: Encryption Keys
2025-04-24 12:55:46.251: [INFO][SyncManagerImpl::ConfigureSyncer] Types to download: Encryption Keys with reason: 3
2025-04-24 12:55:46.252: [INFO][SyncSchedulerImpl::DoConfigurationSyncCycleJob] Configure job was blocked
2025-04-24 12:55:46.317: [INFO][SyncAuthManager::SetLastAuthError] Current auth error: None
2025-04-24 12:55:46.317: [INFO][SyncAuthManager::EdgeLogTokenErrorState] Token error with: None for account type: MSA
2025-04-24 12:55:46.317: [INFO][Sync] Credentials changed for: EdgeSyncScopeNew
2025-04-24 12:55:47.632: [INFO][SyncAuthManager::SetLastAuthError] Current auth error: None
2025-04-24 12:55:47.632: [INFO][SyncAuthManager::EdgeLogTokenErrorState] Token error with: None for account type: MSA
2025-04-24 12:55:47.632: [INFO][Sync] Credentials changed for: EdgeSyncKeyDataScope
2025-04-24 12:55:47.632: [INFO][SyncEngineBackend::DoUpdateKeyDataCredentials] Update key data credentials
2025-04-24 12:55:47.632: [INFO][SyncEngineBackend::DoUpdateCredentials] Update credentials
2025-04-24 12:55:47.633: [INFO][SyncSchedulerImpl::DoConfigurationSyncCycleJob] Blocked types:  and types to download: Encryption Keys
2025-04-24 12:55:48.811: [INFO][Sync] Started DataTypeManager configuration, reason: 4
2025-04-24 12:55:48.811: [INFO][Sync] Configuring for: Bookmarks, Preferences, Passwords, Autofill Profiles, Autofill, Extensions, Sessions, Extension settings, History Delete Directives, Device Info, User Consents, Send Tab To Self, Web Apps, History, Saved Tab Group, Collection, Edge E Drop, Edge Hub App Usage, Edge Tab Group, Edge Wallet, Encryption Keys, reason: 4, current state: 0
2025-04-24 12:55:48.811: [WARN][Sync] Crypto error data types: Passwords, Autofill Profiles, Autofill
2025-04-24 12:55:48.814: [INFO][Sync] Configure, desired: Bookmarks, Preferences, Extensions, Sessions, Extension settings, History Delete Directives, Device Info, User Consents, Send Tab To Self, Web Apps, History, Saved Tab Group, Collection, Edge E Drop, Edge Hub App Usage, Edge Tab Group, Edge Wallet, Encryption Keys; Allow fail: Passwords, Autofill Profiles, Autofill
2025-04-24 12:55:48.815: [INFO][Sync] Loading: Bookmarks
2025-04-24 12:55:48.815: [INFO][Sync] Loading: Preferences
2025-04-24 12:55:48.815: [INFO][Sync] Loading: Extensions
2025-04-24 12:55:48.816: [INFO][Sync] Loading: Sessions
2025-04-24 12:55:48.816: [INFO][Sync] Loading: Extension settings
2025-04-24 12:55:48.816: [INFO][Sync] Loading: History Delete Directives
2025-04-24 12:55:48.817: [INFO][Sync] Loading: Device Info
2025-04-24 12:55:48.817: [INFO][Sync] Loading: User Consents
2025-04-24 12:55:48.817: [INFO][Sync] Loading: Send Tab To Self
2025-04-24 12:55:48.817: [INFO][Sync] Loading: Web Apps
2025-04-24 12:55:48.817: [INFO][Sync] Loading: History
2025-04-24 12:55:48.817: [INFO][Sync] Loading: Saved Tab Group
2025-04-24 12:55:48.817: [INFO][Sync] Loading: Collection
2025-04-24 12:55:48.817: [INFO][Sync] Loading: Edge E Drop
2025-04-24 12:55:48.817: [INFO][Sync] Loading: Edge Hub App Usage
2025-04-24 12:55:48.817: [INFO][Sync] Loading: Edge Tab Group
2025-04-24 12:55:48.817: [INFO][Sync] Loading: Edge Wallet
2025-04-24 12:55:48.833: [INFO][Sync] All data types are ready for configure.
2025-04-24 12:55:49.732: [INFO][Sync] Started DataTypeManager configuration, reason: 5
2025-04-24 12:55:49.732: [INFO][Sync] Configuring for: Bookmarks, Preferences, Passwords, Autofill Profiles, Autofill, Extensions, Sessions, Extension settings, History Delete Directives, Device Info, User Consents, Send Tab To Self, Web Apps, History, Saved Tab Group, Collection, Edge E Drop, Edge Hub App Usage, Edge Tab Group, Edge Wallet, Encryption Keys, reason: 5, current state: 1
2025-04-24 12:55:49.738: [INFO][SyncEngineBackend::DoStartConfiguration] Start configuration
2025-04-24 12:55:49.739: [INFO][SyncManagerImpl::ConfigureSyncer] Types to download:  with reason: 4
2025-04-24 12:55:49.739: [INFO][SyncEngineBackend::DoFinishConfigureDataTypes] Failed to download types:  and succeeded types: 
2025-04-24 12:55:49.740: [INFO][Sync] ConfigurationDone, failed: , succeeded: , remaining count: 4
2025-04-24 12:55:49.740: [WARN][Sync]     Reconfigure requested while configuration ongoing.
2025-04-24 12:55:49.740: [INFO][Sync] Configuring for: Bookmarks, Preferences, Passwords, Autofill Profiles, Autofill, Extensions, Sessions, Extension settings, History Delete Directives, Device Info, User Consents, Send Tab To Self, Web Apps, History, Saved Tab Group, Collection, Edge E Drop, Edge Hub App Usage, Edge Tab Group, Edge Wallet, Encryption Keys, reason: 5, current state: 2
2025-04-24 12:55:49.740: [INFO][Sync] Configure, desired: Bookmarks, Preferences, Passwords, Autofill Profiles, Autofill, Extensions, Sessions, Extension settings, History Delete Directives, Device Info, User Consents, Send Tab To Self, Web Apps, History, Saved Tab Group, Collection, Edge E Drop, Edge Hub App Usage, Edge Tab Group, Edge Wallet, Encryption Keys; Allow fail: 
2025-04-24 12:55:49.740: [INFO][Sync] Loading: Passwords
2025-04-24 12:55:49.740: [INFO][Sync] Loading: Autofill Profiles
2025-04-24 12:55:49.740: [INFO][Sync] Loading: Autofill
2025-04-24 12:55:49.740: [INFO][Sync] All data types are ready for configure.
2025-04-24 12:55:49.740: [INFO][SyncManagerImpl::NudgeForInitialDownload] Initial download nudge for Passwords
2025-04-24 12:55:49.741: [INFO][SyncManagerImpl::ConfigureSyncer] Types to download:  with reason: 5
2025-04-24 12:55:49.741: [INFO][SyncEngineBackend::DoFinishConfigureDataTypes] Failed to download types:  and succeeded types: 
2025-04-24 12:55:49.741: [INFO][Sync] ConfigurationDone, failed: , succeeded: , remaining count: 4
2025-04-24 12:55:49.741: [INFO][Sync] Prepare to configure types: Passwords, Encryption Keys
2025-04-24 12:55:49.741: [INFO][SyncManagerImpl::ConfigureSyncer] Types to download: Passwords, Encryption Keys with reason: 5
2025-04-24 12:55:49.741: [INFO][SyncSchedulerImpl::DoConfigurationSyncCycleJob] Blocked types:  and types to download: Passwords, Encryption Keys
2025-04-24 12:55:50.592: [INFO][SyncEngineBackend::DoFinishConfigureDataTypes] Failed to download types:  and succeeded types: Passwords, Encryption Keys
2025-04-24 12:55:50.595: [INFO][Sync] ConfigurationDone, failed: , succeeded: Passwords, Encryption Keys, remaining count: 3
2025-04-24 12:55:50.595: [INFO][SyncManagerImpl::ConfigureSyncer] Types to download:  with reason: 5
2025-04-24 12:55:50.595: [INFO][SyncEngineBackend::DoFinishConfigureDataTypes] Failed to download types:  and succeeded types: 
2025-04-24 12:55:50.595: [INFO][Sync] ConfigurationDone, failed: , succeeded: , remaining count: 2
2025-04-24 12:55:50.596: [INFO][SyncManagerImpl::ConfigureSyncer] Types to download:  with reason: 5
2025-04-24 12:55:50.596: [INFO][SyncEngineBackend::DoFinishConfigureDataTypes] Failed to download types:  and succeeded types: 
2025-04-24 12:55:50.598: [INFO][Sync] ConfigurationDone, failed: , succeeded: , remaining count: 1
2025-04-24 12:55:50.600: [INFO][SyncManagerImpl::ConfigureSyncer] Types to download:  with reason: 5
2025-04-24 12:55:50.600: [INFO][SyncEngineBackend::DoFinishConfigureDataTypes] Failed to download types:  and succeeded types: 
2025-04-24 12:55:50.600: [INFO][Sync] ConfigurationDone, failed: , succeeded: , remaining count: 0
2025-04-24 12:55:50.601: [INFO][Sync]     Configuration completed, state: 7
2025-04-24 12:55:50.602: [INFO][Sync] Configured DataTypeManager: Ok
2025-04-24 12:55:50.605: [INFO][SyncEngineBackend::DoStartSyncing] Start syncing
2025-04-24 12:56:04.502: [INFO][Sync] Reset engine, reason: 0
2025-04-24 12:56:04.502: [INFO][Sync] Reset engine with reason: 0
